<?xml version="1.0" encoding="UTF-8"?>
<!-- Generated by org.testng.reporters.JUnitReportReporter -->
<testsuite hostname="JazZ" failures="0" tests="1" name="runners.TestRunner" time="6.277" errors="0" timestamp="2025-04-08T19:47:11 CDT" skipped="0">
  <testcase classname="runners.TestRunner" name="runScenario" time="6.277"/>
</testsuite> <!-- runners.TestRunner -->
